<?xml version="1.0" encoding="UTF-8"?>
<testsuite name="tests.RegistrationTests" tests="2" skipped="0" failures="0" errors="0" timestamp="2022-03-18T08:02:24" hostname="DESKTOP-B7SSTIV" time="6.133">
  <properties/>
  <testcase name="registrationPositiveTest" classname="tests.RegistrationTests" time="4.434"/>
  <testcase name="registrationPositiveTestModel" classname="tests.RegistrationTests" time="1.372"/>
  <system-out><![CDATA[11:02:14. INFO  tests.TestBase - Test name ----->registrationPositiveTest
Email: noa144@gmail.com
11:02:29. INFO  tests.TestBase - Test endregistrationPositiveTest
11:02:29. INFO  tests.TestBase - Test name ----->registrationPositiveTestModel
11:02:41. INFO  tests.TestBase - Test endregistrationPositiveTestModel
]]></system-out>
  <system-err><![CDATA[]]></system-err>
</testsuite>
